<?xml version='1.0' encoding='UTF-8'?>
<testsuite hostname="MSWN-240531-076" name="otus.simulations.StabOpenModel" tests="1" errors="0" failures="0" skipped="0" time="3663715.448" timestamp="2025-10-27T21:40:49">
          <properties>
[...]
</properties>
          <testcase classname="otus.simulations.StabOpenModel" name="" time="3663715.448">
                      
                    </testcase>
          <system-out><![CDATA[]]></system-out>
          <system-err><![CDATA[]]></system-err>
        </testsuite>